<?xml version="1.0" encoding="UTF-8"?>
<testExecutions version="1">
  <file path="/home/david/github/davidpvilaca/Adotei-back/__tests__/institution.spec.ts">
    <testCase name="CRUD instituition create instituition" duration="601"/>
    <testCase name="CRUD instituition get the instituition" duration="59"/>
    <testCase name="CRUD instituition update instituition" duration="82"/>
    <testCase name="CRUD instituition delete instituition" duration="87"/>
  </file>
  <file path="/home/david/github/davidpvilaca/Adotei-back/__tests__/transaction.spec.ts">
    <testCase name="CRUD transaction create transaction" duration="438"/>
    <testCase name="CRUD transaction get the transaction" duration="49"/>
    <testCase name="CRUD transaction update transaction" duration="83"/>
    <testCase name="CRUD transaction delete transaction" duration="78"/>
  </file>
  <file path="/home/david/github/davidpvilaca/Adotei-back/__tests__/user.spec.ts">
    <testCase name="CRUD user create user" duration="455"/>
    <testCase name="CRUD user get the user" duration="47"/>
    <testCase name="CRUD user update user" duration="83"/>
    <testCase name="CRUD user delete user" duration="80"/>
  </file>
  <file path="/home/david/github/davidpvilaca/Adotei-back/__tests__/pet.spec.ts">
    <testCase name="CRUD pet create pet" duration="478"/>
    <testCase name="CRUD pet get the pet" duration="53"/>
    <testCase name="CRUD pet update pet" duration="77"/>
    <testCase name="CRUD pet delete pet" duration="81"/>
  </file>
</testExecutions>